<?xml version="1.0" encoding="UTF-8" ?>
<testsuite errors="0" failures="3" hostname="LAPTOP-37F339O8" name="library.beta.LibraryTest" skipped="0" tests="16" time="0.093" timestamp="2022-04-12T16:47:35">
  <properties>
    <property name="java.vendor" value="Oracle Corporation" />
    <property name="sun.java.launcher" value="SUN_STANDARD" />
    <property name="sun.management.compiler" value="HotSpot 64-Bit Tiered Compilers" />
    <property name="build.sysclasspath" value="ignore" />
    <property name="os.name" value="Windows 10" />
    <property name="sun.boot.class.path" value="C:\Program Files\Java\jdk1.8.0_281\jre\lib\resources.jar;C:\Program Files\Java\jdk1.8.0_281\jre\lib\rt.jar;C:\Program Files\Java\jdk1.8.0_281\jre\lib\sunrsasign.jar;C:\Program Files\Java\jdk1.8.0_281\jre\lib\jsse.jar;C:\Program Files\Java\jdk1.8.0_281\jre\lib\jce.jar;C:\Program Files\Java\jdk1.8.0_281\jre\lib\charsets.jar;C:\Program Files\Java\jdk1.8.0_281\jre\lib\jfr.jar;C:\Program Files\Java\jdk1.8.0_281\jre\classes" />
    <property name="user.country.format" value="PK" />
    <property name="sun.desktop" value="windows" />
    <property name="final.grading" value="true" />
    <property name="java.vm.specification.vendor" value="Oracle Corporation" />
    <property name="ant.home" value="D:\Softwares\eclipse-java-2021-03-R-win32-x86_64\eclipse\plugins\org.apache.ant_1.10.9.v20201106-1946" />
    <property name="java.runtime.version" value="1.8.0_281-b09" />
    <property name="user.name" value="furru" />
    <property name="ant.build.javac.target" value="1.8" />
    <property name="user.language" value="en" />
    <property name="sun.boot.library.path" value="C:\Program Files\Java\jdk1.8.0_281\jre\bin" />
    <property name="grader.report.file" value="my-grader-report.xml" />
    <property name="ant.project.default-target" value="all" />
    <property name="java.version" value="1.8.0_281" />
    <property name="user.timezone" value="" />
    <property name="sun.arch.data.model" value="64" />
    <property name="java.endorsed.dirs" value="C:\Program Files\Java\jdk1.8.0_281\jre\lib\endorsed" />
    <property name="sun.cpu.isalist" value="amd64" />
    <property name="sun.jnu.encoding" value="Cp1252" />
    <property name="file.encoding.pkg" value="sun.io" />
    <property name="file.separator" value="\" />
    <property name="java.specification.name" value="Java Platform API Specification" />
    <property name="java.class.version" value="52.0" />
    <property name="user.country" value="US" />
    <property name="java.home" value="C:\Program Files\Java\jdk1.8.0_281\jre" />
    <property name="java.vm.info" value="mixed mode" />
    <property name="ant.file" value="C:\Users\furru\eclipse-workspace\ps3-library\grader.xml" />
    <property name="os.version" value="10.0" />
    <property name="final.grader.jar" value="ps3-final-grader.jar" />
    <property name="path.separator" value=";" />
    <property name="java.vm.version" value="25.281-b09" />
    <property name="user.variant" value="" />
    <property name="ant.library.dir" value="D:\Softwares\eclipse-java-2021-03-R-win32-x86_64\eclipse\plugins\org.apache.ant_1.10.9.v20201106-1946\lib" />
    <property name="java.awt.printerjob" value="sun.awt.windows.WPrinterJob" />
    <property name="sun.io.unicode.encoding" value="UnicodeLittle" />
    <property name="awt.toolkit" value="sun.awt.windows.WToolkit" />
    <property name="user.script" value="" />
    <property name="user.home" value="C:\Users\furru" />
    <property name="java.specification.vendor" value="Oracle Corporation" />
    <property name="which.tests.ran" value="BETA + FINAL" />
    <property name="java.library.path" value="C:\Program Files\Java\jdk1.8.0_281\jre\bin;C:\WINDOWS\Sun\Java\bin;C:\WINDOWS\system32;C:\WINDOWS;D:/Softwares/eclipse-java-2021-03-R-win32-x86_64/eclipse//plugins/org.eclipse.justj.openjdk.hotspot.jre.full.win32.x86_64_15.0.2.v20210201-0955/jre/bin/server;D:/Softwares/eclipse-java-2021-03-R-win32-x86_64/eclipse//plugins/org.eclipse.justj.openjdk.hotspot.jre.full.win32.x86_64_15.0.2.v20210201-0955/jre/bin;C:\Program Files (x86)\Common Files\Oracle\Java\javapath;C:\Python310\Scripts\;C:\Python310\;C:\Program Files (x86)\Intel\iCLS Client\;C:\Program Files\Intel\iCLS Client\;C:\WINDOWS\system32;C:\WINDOWS;C:\WINDOWS\System32\Wbem;C:\WINDOWS\System32\WindowsPowerShell\v1.0\;C:\WINDOWS\System32\OpenSSH\;C:\Program Files (x86)\Intel\Intel(R) Management Engine Components\DAL;C:\Program Files\Intel\Intel(R) Management Engine Components\DAL;C:\Program Files (x86)\Intel\Intel(R) Management Engine Components\IPT;C:\Program Files\Intel\Intel(R) Management Engine Components\IPT;C:\Program Files\Intel\WiFi\bin\;C:\Program Files\Common Files\Intel\WirelessCommon\;C:\ProgramData\chocolatey\bin;C:\Program Files\nodejs\;C:\ProgramData\ComposerSetup\bin;C:\Users\furru\AppData\Local\Microsoft\WindowsApps;C:\Users\furru\AppData\Local\Programs\Microsoft VS Code\bin;C:\Users\furru\AppData\Local\atom\bin;C:\Users\furru\AppData\Local\Android\Sdk\platform-tools;C:\Users\furru\AppData\Local\Android\Sdk;C:\Users\furru\AppData\Roaming\npm;D:\xampp\php\;C:\Users\furru\AppData\Roaming\Composer\vendor\bin;C:\Users\furru\AppData\Local\Microsoft\WindowsApps;C:\Program Files\heroku\bin;D:\Softwares\eclipse-java-2021-03-R-win32-x86_64\eclipse;;." />
    <property name="java.vendor.url" value="http://java.oracle.com/" />
    <property name="java.vm.vendor" value="Oracle Corporation" />
    <property name="java.runtime.name" value="Java(TM) SE Runtime Environment" />
    <property name="beta.grader.jar" value="ps3-beta-grader.jar" />
    <property name="sun.java.command" value="org.apache.tools.ant.taskdefs.optional.junit.JUnitTestRunner library.beta.LibraryTest skipNonTests=false filtertrace=true haltOnError=false haltOnFailure=false showoutput=false outputtoformatters=true logfailedtests=true threadid=0 logtestlistenerevents=false formatter=org.apache.tools.ant.taskdefs.optional.junit.XMLJUnitResultFormatter,C:\Users\furru\eclipse-workspace\ps3-library\.grader\TEST-library.beta.LibraryTest.xml crashfile=C:\Users\furru\eclipse-workspace\ps3-library\.grader\junitvmwatcher5677864522732575946.properties propsfile=C:\Users\furru\eclipse-workspace\ps3-library\.grader\junit2617124236906469499.properties" />
    <property name="java.class.path" value="C:\Users\furru\eclipse-workspace\ps3-library\lib\junit-4.12.jar;C:\Users\furru\eclipse-workspace\ps3-library\lib\hamcrest-core-1.3.jar;C:\Users\furru\eclipse-workspace\ps3-library\.grader\bin-student;D:\Softwares\eclipse-java-2021-03-R-win32-x86_64\eclipse\plugins\org.apache.ant_1.10.9.v20201106-1946\lib\ant-launcher.jar;D:\Softwares\eclipse-java-2021-03-R-win32-x86_64\eclipse\plugins\org.apache.ant_1.10.9.v20201106-1946\lib\ant.jar;D:\Softwares\eclipse-java-2021-03-R-win32-x86_64\eclipse\plugins\org.apache.ant_1.10.9.v20201106-1946\lib\ant-junit.jar;D:\Softwares\eclipse-java-2021-03-R-win32-x86_64\eclipse\plugins\org.apache.ant_1.10.9.v20201106-1946\lib\ant-junit4.jar" />
    <property name="ant.version" value="Apache Ant(TM) version 1.10.9 compiled on September 27 2020" />
    <property name="project.name" value="ps3-library" />
    <property name="java.vm.specification.name" value="Java Virtual Machine Specification" />
    <property name="java.vm.specification.version" value="1.8" />
    <property name="sun.cpu.endian" value="little" />
    <property name="didit.desc" value="Running our beta tests against your implementation." />
    <property name="sun.os.patch.level" value="" />
    <property name="java.io.tmpdir" value="C:\Users\furru\AppData\Local\Temp\" />
    <property name="java.vendor.url.bug" value="http://bugreport.sun.com/bugreport/" />
    <property name="os.arch" value="amd64" />
    <property name="java.awt.graphicsenv" value="sun.awt.Win32GraphicsEnvironment" />
    <property name="java.ext.dirs" value="C:\Program Files\Java\jdk1.8.0_281\jre\lib\ext;C:\WINDOWS\Sun\Java\lib\ext" />
    <property name="user.dir" value="C:\Users\furru\eclipse-workspace\ps3-library" />
    <property name="line.separator" value="&#xd;&#xa;" />
    <property name="zipfile" value="my-submission.zip" />
    <property name="java.vm.name" value="Java HotSpot(TM) 64-Bit Server VM" />
    <property name="problem.set" value="ps3" />
    <property name="basedir" value="C:\Users\furru\eclipse-workspace\ps3-library" />
    <property name="ant.java.version" value="1.8" />
    <property name="ant.core.lib" value="D:\Softwares\eclipse-java-2021-03-R-win32-x86_64\eclipse\plugins\org.apache.ant_1.10.9.v20201106-1946\lib\ant.jar" />
    <property name="file.encoding" value="Cp1252" />
    <property name="java.specification.version" value="1.8" />
    <property name="grader.dir" value=".grader" />
    <property name="ant.project.invoked-targets" value="all" />
  </properties>
  <testcase classname="library.beta.LibraryTest" name="testBuy[library.SmallLibrary]" time="0.004" />
  <testcase classname="library.beta.LibraryTest" name="testFind[library.SmallLibrary]" time="0.005">
    <failure message="expected:&lt;2&gt; but was:&lt;3&gt;" type="junit.framework.AssertionFailedError">junit.framework.AssertionFailedError: expected:&lt;2&gt; but was:&lt;3&gt;
	at library.beta.LibraryTest.testFind(LibraryTest.java:207)
</failure>
  </testcase>
  <testcase classname="library.beta.LibraryTest" name="testLose[library.SmallLibrary]" time="0.001" />
  <testcase classname="library.beta.LibraryTest" name="testAllCopiesAvailableCopies[library.SmallLibrary]" time="0.0" />
  <testcase classname="library.beta.LibraryTest" name="testEqualsHashcode[library.SmallLibrary]" time="0.0" />
  <testcase classname="library.beta.LibraryTest" name="testAssertionsEnabled[library.SmallLibrary]" time="0.001" />
  <testcase classname="library.beta.LibraryTest" name="testIsAvailable[library.SmallLibrary]" time="0.0" />
  <testcase classname="library.beta.LibraryTest" name="testCheckinCheckout[library.SmallLibrary]" time="0.0" />
  <testcase classname="library.beta.LibraryTest" name="testBuy[library.BigLibrary]" time="0.001" />
  <testcase classname="library.beta.LibraryTest" name="testFind[library.BigLibrary]" time="0.004">
    <failure message="expected:&lt;[Title: Ulysses&#xa;Authors: James Joyce&#xa;Year : 2008, Title: Ulysses&#xa;Authors: James Joyce&#xa;Year : 1965, Title: Ulysses&#xa;Authors: James Joyce&#xa;Year : 1942, Title: Ulysses&#xa;Authors: James Joyce&#xa;Year : 1922]&gt; but was:&lt;[Title: Ulysses&#xa;Authors: James Joyce&#xa;Year : 2008, Title: Ulysses&#xa;Authors: James Joyce&#xa;Year : 1942, Title: Ulysses&#xa;Authors: James Joyce&#xa;Year : 1922, Title: Ulysses&#xa;Authors: James Joyce&#xa;Year : 1965]&gt;" type="junit.framework.AssertionFailedError">junit.framework.AssertionFailedError: expected:&lt;[Title: Ulysses
Authors: James Joyce
Year : 2008, Title: Ulysses
Authors: James Joyce
Year : 1965, Title: Ulysses
Authors: James Joyce
Year : 1942, Title: Ulysses
Authors: James Joyce
Year : 1922]&gt; but was:&lt;[Title: Ulysses
Authors: James Joyce
Year : 2008, Title: Ulysses
Authors: James Joyce
Year : 1942, Title: Ulysses
Authors: James Joyce
Year : 1922, Title: Ulysses
Authors: James Joyce
Year : 1965]&gt;
	at library.beta.LibraryTest.testFind(LibraryTest.java:217)
</failure>
  </testcase>
  <testcase classname="library.beta.LibraryTest" name="testLose[library.BigLibrary]" time="0.001" />
  <testcase classname="library.beta.LibraryTest" name="testAllCopiesAvailableCopies[library.BigLibrary]" time="0.001" />
  <testcase classname="library.beta.LibraryTest" name="testEqualsHashcode[library.BigLibrary]" time="0.0" />
  <testcase classname="library.beta.LibraryTest" name="testAssertionsEnabled[library.BigLibrary]" time="0.001" />
  <testcase classname="library.beta.LibraryTest" name="testIsAvailable[library.BigLibrary]" time="0.0" />
  <testcase classname="library.beta.LibraryTest" name="testCheckinCheckout[library.BigLibrary]" time="0.0">
    <failure type="junit.framework.AssertionFailedError">junit.framework.AssertionFailedError
	at library.beta.LibraryTest.testCheckinCheckout(LibraryTest.java:127)
</failure>
  </testcase>
  <system-out><![CDATA[Equals hitting
Equals hitting
Equals hitting
LIST before RETURNED :[]
Title is : Ulysses
Set at the end of if 
[]
LIST before RETURNED :[Title: Ulysses
Authors: James Joyce
Year : 1922]
Equals hitting
Equals hitting
Equals hitting
Title is : Ulysses
Title is : Consider the Lobster and Other Essays
Title is : Infinite Jest
Title is : Infinite Jest
LIST before RETURNED :[Title: Infinite Jest
Authors: David Foster Wallace
Year : 1996, Title: Infinite Jest
Authors: David Foster Wallace
Year : 1996, Title: Consider the Lobster and Other Essays
Authors: David Foster Wallace
Year : 2005]
Equals hitting
Equals hitting
Equals hitting
Equals hitting
Equals hitting
Equals hitting
Equals hitting
Equals hitting
Equals hitting
Equals hitting
Equals hitting
Equals hitting
Equals hitting
Equals hitting
Equals hitting
Equals hitting
Equals hitting
Equals hitting
Equals hitting
Equals hitting
Equals hitting
Equals hitting
Equals hitting
Equals hitting
Equals hitting
Equals hitting
Equals hitting
Equals hitting
Equals hitting
Equals hitting
Equals hitting
testResult: {}
intermediateState before sort[]
intermediateState After sort[]
Result before return[]
queryWord: Ulysses
Single word in title: Ulysses
queryWord == wordInTitle
testResult: {Title: Ulysses
Authors: James Joyce
Year : 1922=1}
intermediateState before sort[Title: Ulysses
Authors: James Joyce
Year : 1922]
intermediateState After sort[Title: Ulysses
Authors: James Joyce
Year : 1922]
Book in loop:Title: Ulysses
Authors: James Joyce
Year : 1922
Result before return[Title: Ulysses
Authors: James Joyce
Year : 1922]
queryWord: David
Single word in title: Infinite
Single word in title: Jest
queryWord: Foster
Single word in title: Infinite
Single word in title: Jest
queryWord: Wallace
Single word in title: Infinite
Single word in title: Jest
queryWord: David
Single word in title: Consider
Single word in title: the
Single word in title: Lobster
Single word in title: and
Single word in title: Other
Single word in title: Essays
queryWord: Foster
Single word in title: Consider
Single word in title: the
Single word in title: Lobster
Single word in title: and
Single word in title: Other
Single word in title: Essays
queryWord: Wallace
Single word in title: Consider
Single word in title: the
Single word in title: Lobster
Single word in title: and
Single word in title: Other
Single word in title: Essays
queryWord: David
Single word in title: Ulysses
queryWord: Foster
Single word in title: Ulysses
queryWord: Wallace
Single word in title: Ulysses
testResult: {Title: Infinite Jest
Authors: David Foster Wallace
Year : 1996=3, Title: Consider the Lobster and Other Essays
Authors: David Foster Wallace
Year : 2005=3}
intermediateState before sort[Title: Infinite Jest
Authors: David Foster Wallace
Year : 1996, Title: Consider the Lobster and Other Essays
Authors: David Foster Wallace
Year : 2005]
Inside compare of Comparator
intermediateState After sort[Title: Consider the Lobster and Other Essays
Authors: David Foster Wallace
Year : 2005, Title: Infinite Jest
Authors: David Foster Wallace
Year : 1996]
Book in loop:Title: Consider the Lobster and Other Essays
Authors: David Foster Wallace
Year : 2005
Book in loop:Title: Infinite Jest
Authors: David Foster Wallace
Year : 1996
Result before return[Title: Consider the Lobster and Other Essays
Authors: David Foster Wallace
Year : 2005, Title: Infinite Jest
Authors: David Foster Wallace
Year : 1996]
queryWord: Ulysses
Single word in title: Ulysses
queryWord == wordInTitle
queryWord: Ulysses
Single word in title: Ulysses
queryWord == wordInTitle
queryWord: Ulysses
Single word in title: Ulysses
queryWord == wordInTitle
queryWord: Ulysses
Single word in title: Infinite
Single word in title: Jest
queryWord: Ulysses
Single word in title: Consider
Single word in title: the
Single word in title: Lobster
Single word in title: and
Single word in title: Other
Single word in title: Essays
queryWord: Ulysses
Single word in title: Ulysses
queryWord == wordInTitle
testResult: {Title: Ulysses
Authors: James Joyce
Year : 1965=1, Title: Ulysses
Authors: James Joyce
Year : 2008=1, Title: Ulysses
Authors: James Joyce
Year : 1942=1, Title: Ulysses
Authors: James Joyce
Year : 1922=1}
intermediateState before sort[Title: Ulysses
Authors: James Joyce
Year : 1965, Title: Ulysses
Authors: James Joyce
Year : 2008, Title: Ulysses
Authors: James Joyce
Year : 1942, Title: Ulysses
Authors: James Joyce
Year : 1922]
Inside compare of Comparator
Inside compare of Comparator
Inside compare of Comparator
Inside compare of Comparator
Inside compare of Comparator
intermediateState After sort[Title: Ulysses
Authors: James Joyce
Year : 2008, Title: Ulysses
Authors: James Joyce
Year : 1965, Title: Ulysses
Authors: James Joyce
Year : 1942, Title: Ulysses
Authors: James Joyce
Year : 1922]
Book in loop:Title: Ulysses
Authors: James Joyce
Year : 2008
Book in loop:Title: Ulysses
Authors: James Joyce
Year : 1965
Book in loop:Title: Ulysses
Authors: James Joyce
Year : 1942
Book in loop:Title: Ulysses
Authors: James Joyce
Year : 1922
Result before return[Title: Ulysses
Authors: James Joyce
Year : 2008, Title: Ulysses
Authors: James Joyce
Year : 1942, Title: Ulysses
Authors: James Joyce
Year : 1922, Title: Ulysses
Authors: James Joyce
Year : 1965]
Equals hitting
Equals hitting
Equals hitting
Equals hitting
Equals hitting
Equals hitting
Equals hitting
Equals hitting
Equals hitting
Equals hitting
Equals hitting
Equals hitting
Equals hitting
Equals hitting
Equals hitting
Equals hitting
Equals hitting
Equals hitting
Equals hitting
Equals hitting
Equals hitting
Equals hitting
Equals hitting
Equals hitting
]]></system-out>
  <system-err><![CDATA[]]></system-err>
</testsuite>
