<?xml version="1.0" encoding="UTF-8" ?>
<testsuite errors="0" failures="3" hostname="LAPTOP-37F339O8" name="library.beta.LibraryTest" skipped="0" tests="16" time="0.093" timestamp="2022-04-12T16:47:35">
  <properties>
[...]
</properties>
  <testcase classname="library.beta.LibraryTest" name="testBuy[library.SmallLibrary]" time="0.004" />
  <testcase classname="library.beta.LibraryTest" name="testFind[library.SmallLibrary]" time="0.005">
    <failure message="expected:&lt;2&gt; but was:&lt;3&gt;" type="junit.framework.AssertionFailedError">junit.framework.AssertionFailedError: expected:&lt;2&gt; but was:&lt;3&gt;
	at library.beta.LibraryTest.testFind(LibraryTest.java:207)
</failure>
  </testcase>
  <testcase classname="library.beta.LibraryTest" name="testLose[library.SmallLibrary]" time="0.001" />
  <testcase classname="library.beta.LibraryTest" name="testAllCopiesAvailableCopies[library.SmallLibrary]" time="0.0" />
  <testcase classname="library.beta.LibraryTest" name="testEqualsHashcode[library.SmallLibrary]" time="0.0" />
  <testcase classname="library.beta.LibraryTest" name="testAssertionsEnabled[library.SmallLibrary]" time="0.001" />
  <testcase classname="library.beta.LibraryTest" name="testIsAvailable[library.SmallLibrary]" time="0.0" />
  <testcase classname="library.beta.LibraryTest" name="testCheckinCheckout[library.SmallLibrary]" time="0.0" />
  <testcase classname="library.beta.LibraryTest" name="testBuy[library.BigLibrary]" time="0.001" />
  <testcase classname="library.beta.LibraryTest" name="testFind[library.BigLibrary]" time="0.004">
    <failure message="expected:&lt;[Title: Ulysses&#xa;Authors: James Joyce&#xa;Year : 2008, Title: Ulysses&#xa;Authors: James Joyce&#xa;Year : 1965, Title: Ulysses&#xa;Authors: James Joyce&#xa;Year : 1942, Title: Ulysses&#xa;Authors: James Joyce&#xa;Year : 1922]&gt; but was:&lt;[Title: Ulysses&#xa;Authors: James Joyce&#xa;Year : 2008, Title: Ulysses&#xa;Authors: James Joyce&#xa;Year : 1942, Title: Ulysses&#xa;Authors: James Joyce&#xa;Year : 1922, Title: Ulysses&#xa;Authors: James Joyce&#xa;Year : 1965]&gt;" type="junit.framework.AssertionFailedError">junit.framework.AssertionFailedError: expected:&lt;[Title: Ulysses
Authors: James Joyce
Year : 2008, Title: Ulysses
Authors: James Joyce
Year : 1965, Title: Ulysses
Authors: James Joyce
Year : 1942, Title: Ulysses
Authors: James Joyce
Year : 1922]&gt; but was:&lt;[Title: Ulysses
Authors: James Joyce
Year : 2008, Title: Ulysses
Authors: James Joyce
Year : 1942, Title: Ulysses
Authors: James Joyce
Year : 1922, Title: Ulysses
Authors: James Joyce
Year : 1965]&gt;
	at library.beta.LibraryTest.testFind(LibraryTest.java:217)
</failure>
  </testcase>
  <testcase classname="library.beta.LibraryTest" name="testLose[library.BigLibrary]" time="0.001" />
  <testcase classname="library.beta.LibraryTest" name="testAllCopiesAvailableCopies[library.BigLibrary]" time="0.001" />
  <testcase classname="library.beta.LibraryTest" name="testEqualsHashcode[library.BigLibrary]" time="0.0" />
  <testcase classname="library.beta.LibraryTest" name="testAssertionsEnabled[library.BigLibrary]" time="0.001" />
  <testcase classname="library.beta.LibraryTest" name="testIsAvailable[library.BigLibrary]" time="0.0" />
  <testcase classname="library.beta.LibraryTest" name="testCheckinCheckout[library.BigLibrary]" time="0.0">
    <failure type="junit.framework.AssertionFailedError">junit.framework.AssertionFailedError
	at library.beta.LibraryTest.testCheckinCheckout(LibraryTest.java:127)
</failure>
  </testcase>
  <system-out><![CDATA[Equals hitting
Equals hitting
Equals hitting
LIST before RETURNED :[]
Title is : Ulysses
Set at the end of if 
[]
LIST before RETURNED :[Title: Ulysses
Authors: James Joyce
Year : 1922]
Equals hitting
Equals hitting
Equals hitting
Title is : Ulysses
Title is : Consider the Lobster and Other Essays
Title is : Infinite Jest
Title is : Infinite Jest
LIST before RETURNED :[Title: Infinite Jest
Authors: David Foster Wallace
Year : 1996, Title: Infinite Jest
Authors: David Foster Wallace
Year : 1996, Title: Consider the Lobster and Other Essays
Authors: David Foster Wallace
Year : 2005]
Equals hitting
Equals hitting
Equals hitting
Equals hitting
Equals hitting
Equals hitting
Equals hitting
Equals hitting
Equals hitting
Equals hitting
Equals hitting
Equals hitting
Equals hitting
Equals hitting
Equals hitting
Equals hitting
Equals hitting
Equals hitting
Equals hitting
Equals hitting
Equals hitting
Equals hitting
Equals hitting
Equals hitting
Equals hitting
Equals hitting
Equals hitting
Equals hitting
Equals hitting
Equals hitting
Equals hitting
testResult: {}
intermediateState before sort[]
intermediateState After sort[]
Result before return[]
queryWord: Ulysses
Single word in title: Ulysses
queryWord == wordInTitle
testResult: {Title: Ulysses
Authors: James Joyce
Year : 1922=1}
intermediateState before sort[Title: Ulysses
Authors: James Joyce
Year : 1922]
intermediateState After sort[Title: Ulysses
Authors: James Joyce
Year : 1922]
Book in loop:Title: Ulysses
Authors: James Joyce
Year : 1922
Result before return[Title: Ulysses
Authors: James Joyce
Year : 1922]
queryWord: David
Single word in title: Infinite
Single word in title: Jest
queryWord: Foster
Single word in title: Infinite
Single word in title: Jest
queryWord: Wallace
Single word in title: Infinite
Single word in title: Jest
queryWord: David
Single word in title: Consider
Single word in title: the
Single word in title: Lobster
Single word in title: and
Single word in title: Other
Single word in title: Essays
queryWord: Foster
Single word in title: Consider
Single word in title: the
Single word in title: Lobster
Single word in title: and
Single word in title: Other
Single word in title: Essays
queryWord: Wallace
Single word in title: Consider
Single word in title: the
Single word in title: Lobster
Single word in title: and
Single word in title: Other
Single word in title: Essays
queryWord: David
Single word in title: Ulysses
queryWord: Foster
Single word in title: Ulysses
queryWord: Wallace
Single word in title: Ulysses
testResult: {Title: Infinite Jest
Authors: David Foster Wallace
Year : 1996=3, Title: Consider the Lobster and Other Essays
Authors: David Foster Wallace
Year : 2005=3}
intermediateState before sort[Title: Infinite Jest
Authors: David Foster Wallace
Year : 1996, Title: Consider the Lobster and Other Essays
Authors: David Foster Wallace
Year : 2005]
Inside compare of Comparator
intermediateState After sort[Title: Consider the Lobster and Other Essays
Authors: David Foster Wallace
Year : 2005, Title: Infinite Jest
Authors: David Foster Wallace
Year : 1996]
Book in loop:Title: Consider the Lobster and Other Essays
Authors: David Foster Wallace
Year : 2005
Book in loop:Title: Infinite Jest
Authors: David Foster Wallace
Year : 1996
Result before return[Title: Consider the Lobster and Other Essays
Authors: David Foster Wallace
Year : 2005, Title: Infinite Jest
Authors: David Foster Wallace
Year : 1996]
queryWord: Ulysses
Single word in title: Ulysses
queryWord == wordInTitle
queryWord: Ulysses
Single word in title: Ulysses
queryWord == wordInTitle
queryWord: Ulysses
Single word in title: Ulysses
queryWord == wordInTitle
queryWord: Ulysses
Single word in title: Infinite
Single word in title: Jest
queryWord: Ulysses
Single word in title: Consider
Single word in title: the
Single word in title: Lobster
Single word in title: and
Single word in title: Other
Single word in title: Essays
queryWord: Ulysses
Single word in title: Ulysses
queryWord == wordInTitle
testResult: {Title: Ulysses
Authors: James Joyce
Year : 1965=1, Title: Ulysses
Authors: James Joyce
Year : 2008=1, Title: Ulysses
Authors: James Joyce
Year : 1942=1, Title: Ulysses
Authors: James Joyce
Year : 1922=1}
intermediateState before sort[Title: Ulysses
Authors: James Joyce
Year : 1965, Title: Ulysses
Authors: James Joyce
Year : 2008, Title: Ulysses
Authors: James Joyce
Year : 1942, Title: Ulysses
Authors: James Joyce
Year : 1922]
Inside compare of Comparator
Inside compare of Comparator
Inside compare of Comparator
Inside compare of Comparator
Inside compare of Comparator
intermediateState After sort[Title: Ulysses
Authors: James Joyce
Year : 2008, Title: Ulysses
Authors: James Joyce
Year : 1965, Title: Ulysses
Authors: James Joyce
Year : 1942, Title: Ulysses
Authors: James Joyce
Year : 1922]
Book in loop:Title: Ulysses
Authors: James Joyce
Year : 2008
Book in loop:Title: Ulysses
Authors: James Joyce
Year : 1965
Book in loop:Title: Ulysses
Authors: James Joyce
Year : 1942
Book in loop:Title: Ulysses
Authors: James Joyce
Year : 1922
Result before return[Title: Ulysses
Authors: James Joyce
Year : 2008, Title: Ulysses
Authors: James Joyce
Year : 1942, Title: Ulysses
Authors: James Joyce
Year : 1922, Title: Ulysses
Authors: James Joyce
Year : 1965]
Equals hitting
Equals hitting
Equals hitting
Equals hitting
Equals hitting
Equals hitting
Equals hitting
Equals hitting
Equals hitting
Equals hitting
Equals hitting
Equals hitting
Equals hitting
Equals hitting
Equals hitting
Equals hitting
Equals hitting
Equals hitting
Equals hitting
Equals hitting
Equals hitting
Equals hitting
Equals hitting
Equals hitting
]]></system-out>
  <system-err><![CDATA[]]></system-err>
</testsuite>
