<?xml version="1.0" encoding="UTF-8" ?>
<testsuite errors="0" failures="1" hostname="LAPTOP-37F339O8" name="library.staff.LibraryTest" skipped="0" tests="12" time="0.083" timestamp="2022-04-12T16:47:36">
  <properties>
[...]
</properties>
  <testcase classname="library.staff.LibraryTest" name="testDifferentObjectsRepresentingSameBook[library.SmallLibrary]" time="0.008">
    <failure message="allCopies() must return books that it owns even when passed a fresh Book() object expected:&lt;1&gt; but was:&lt;0&gt;" type="junit.framework.AssertionFailedError">junit.framework.AssertionFailedError: allCopies() must return books that it owns even when passed a fresh Book() object expected:&lt;1&gt; but was:&lt;0&gt;
	at library.staff.LibraryTest.testDifferentObjectsRepresentingSameBook(LibraryTest.java:68)
</failure>
  </testcase>
  <testcase classname="library.staff.LibraryTest" name="testFindAfterLosingLastCopy[library.SmallLibrary]" time="0.001" />
  <testcase classname="library.staff.LibraryTest" name="testFindAfterLosingAndRebuyingBook[library.SmallLibrary]" time="0.0" />
  <testcase classname="library.staff.LibraryTest" name="testRepExposureInAllCopies[library.SmallLibrary]" time="0.0" />
  <testcase classname="library.staff.LibraryTest" name="testRepExposureInAvailableCopies[library.SmallLibrary]" time="0.0" />
  <testcase classname="library.staff.LibraryTest" name="testRepExposureInFind[library.SmallLibrary]" time="0.001" />
  <testcase classname="library.staff.LibraryTest" name="testDifferentObjectsRepresentingSameBook[library.BigLibrary]" time="0.001" />
  <testcase classname="library.staff.LibraryTest" name="testFindAfterLosingLastCopy[library.BigLibrary]" time="0.002" />
  <testcase classname="library.staff.LibraryTest" name="testFindAfterLosingAndRebuyingBook[library.BigLibrary]" time="0.0" />
  <testcase classname="library.staff.LibraryTest" name="testRepExposureInAllCopies[library.BigLibrary]" time="0.0" />
  <testcase classname="library.staff.LibraryTest" name="testRepExposureInAvailableCopies[library.BigLibrary]" time="0.0" />
  <testcase classname="library.staff.LibraryTest" name="testRepExposureInFind[library.BigLibrary]" time="0.001" />
  <system-out><![CDATA[Equals hitting
Equals hitting
Title is : The Grapes of Wrath
Set at the end of if 
[]
Title is : The Grapes of Wrath
Set at the end of if 
[Title: The Grapes of Wrath
Authors: John Steinbeck
Year : 1939]
LIST before RETURNED :[Title: The Grapes of Wrath
Authors: John Steinbeck
Year : 1939]
Title is : The Grapes of Wrath
Set at the end of if 
[]
LIST before RETURNED :[Title: The Grapes of Wrath
Authors: John Steinbeck
Year : 1939]
LIST before RETURNED :[]
Title is : Cannery Row
Set at the end of if 
[]
LIST before RETURNED :[Title: Cannery Row
Authors: John Steinbeck
Year : 1945]
LIST before RETURNED :[]
Title is : Cannery Row
Set at the end of if 
[]
LIST before RETURNED :[Title: Cannery Row
Authors: John Steinbeck
Year : 1945]
Title is : HMS Surprise
Set at the end of if 
[]
LIST before RETURNED :[Title: HMS Surprise
Authors: Patrick O'Brian
Year : 1973]
Title is : HMS Surprise
Set at the end of if 
[]
LIST before RETURNED :[Title: HMS Surprise
Authors: Patrick O'Brian
Year : 1973]
Title is : HMS Surprise
Set at the end of if 
[]
LIST before RETURNED :[Title: HMS Surprise
Authors: Patrick O'Brian
Year : 1973]
queryWord: The
Single word in title: The
queryWord == wordInTitle
queryWord: Grapes
Single word in title: The
Single word in title: Grapes
queryWord == wordInTitle
queryWord: of
Single word in title: The
Single word in title: Grapes
Single word in title: of
queryWord == wordInTitle
queryWord: Wrath
Single word in title: The
Single word in title: Grapes
Single word in title: of
Single word in title: Wrath
queryWord == wordInTitle
testResult: {Title: The Grapes of Wrath
Authors: John Steinbeck
Year : 1939=4}
intermediateState before sort[Title: The Grapes of Wrath
Authors: John Steinbeck
Year : 1939]
intermediateState After sort[Title: The Grapes of Wrath
Authors: John Steinbeck
Year : 1939]
Book in loop:Title: The Grapes of Wrath
Authors: John Steinbeck
Year : 1939
Result before return[Title: The Grapes of Wrath
Authors: John Steinbeck
Year : 1939]
Equals hitting
Equals hitting
queryWord: The
Single word in title: The
queryWord == wordInTitle
queryWord: Grapes
Single word in title: The
Single word in title: Grapes
queryWord == wordInTitle
queryWord: of
Single word in title: The
Single word in title: Grapes
Single word in title: of
queryWord == wordInTitle
queryWord: Wrath
Single word in title: The
Single word in title: Grapes
Single word in title: of
Single word in title: Wrath
queryWord == wordInTitle
testResult: {Title: The Grapes of Wrath
Authors: John Steinbeck
Year : 1939=4}
intermediateState before sort[Title: The Grapes of Wrath
Authors: John Steinbeck
Year : 1939]
intermediateState After sort[Title: The Grapes of Wrath
Authors: John Steinbeck
Year : 1939]
Book in loop:Title: The Grapes of Wrath
Authors: John Steinbeck
Year : 1939
Result before return[Title: The Grapes of Wrath
Authors: John Steinbeck
Year : 1939]
Equals hitting
Equals hitting
testResult: {}
intermediateState before sort[]
intermediateState After sort[]
Result before return[]
queryWord: Cannery
Single word in title: Cannery
queryWord == wordInTitle
queryWord: Row
Single word in title: Cannery
Single word in title: Row
queryWord == wordInTitle
testResult: {Title: Cannery Row
Authors: John Steinbeck
Year : 1945=2}
intermediateState before sort[Title: Cannery Row
Authors: John Steinbeck
Year : 1945]
intermediateState After sort[Title: Cannery Row
Authors: John Steinbeck
Year : 1945]
Book in loop:Title: Cannery Row
Authors: John Steinbeck
Year : 1945
Result before return[Title: Cannery Row
Authors: John Steinbeck
Year : 1945]
Equals hitting
Equals hitting
testResult: {}
intermediateState before sort[]
intermediateState After sort[]
Result before return[]
queryWord: Cannery
Single word in title: Cannery
queryWord == wordInTitle
queryWord: Row
Single word in title: Cannery
Single word in title: Row
queryWord == wordInTitle
testResult: {Title: Cannery Row
Authors: John Steinbeck
Year : 1945=2}
intermediateState before sort[Title: Cannery Row
Authors: John Steinbeck
Year : 1945]
intermediateState After sort[Title: Cannery Row
Authors: John Steinbeck
Year : 1945]
Book in loop:Title: Cannery Row
Authors: John Steinbeck
Year : 1945
Result before return[Title: Cannery Row
Authors: John Steinbeck
Year : 1945]
queryWord: HMS
Single word in title: HMS
queryWord == wordInTitle
queryWord: Surprise
Single word in title: HMS
Single word in title: Surprise
queryWord == wordInTitle
testResult: {Title: HMS Surprise
Authors: Patrick O'Brian
Year : 1973=2}
intermediateState before sort[Title: HMS Surprise
Authors: Patrick O'Brian
Year : 1973]
intermediateState After sort[Title: HMS Surprise
Authors: Patrick O'Brian
Year : 1973]
Book in loop:Title: HMS Surprise
Authors: Patrick O'Brian
Year : 1973
Result before return[Title: HMS Surprise
Authors: Patrick O'Brian
Year : 1973]
queryWord: HMS
Single word in title: HMS
queryWord == wordInTitle
queryWord: Surprise
Single word in title: HMS
Single word in title: Surprise
queryWord == wordInTitle
testResult: {Title: HMS Surprise
Authors: Patrick O'Brian
Year : 1973=2}
intermediateState before sort[Title: HMS Surprise
Authors: Patrick O'Brian
Year : 1973]
intermediateState After sort[Title: HMS Surprise
Authors: Patrick O'Brian
Year : 1973]
Book in loop:Title: HMS Surprise
Authors: Patrick O'Brian
Year : 1973
Result before return[Title: HMS Surprise
Authors: Patrick O'Brian
Year : 1973]
queryWord: HMS
Single word in title: HMS
queryWord == wordInTitle
queryWord: Surprise
Single word in title: HMS
Single word in title: Surprise
queryWord == wordInTitle
testResult: {Title: HMS Surprise
Authors: Patrick O'Brian
Year : 1973=2}
intermediateState before sort[Title: HMS Surprise
Authors: Patrick O'Brian
Year : 1973]
intermediateState After sort[Title: HMS Surprise
Authors: Patrick O'Brian
Year : 1973]
Book in loop:Title: HMS Surprise
Authors: Patrick O'Brian
Year : 1973
Result before return[Title: HMS Surprise
Authors: Patrick O'Brian
Year : 1973]
]]></system-out>
  <system-err><![CDATA[]]></system-err>
</testsuite>
